<?xml version="1.0" encoding="UTF-8"?>
<!-- Generated by org.testng.reporters.JUnitReportReporter -->
<testsuite skipped="0" hostname="DESKTOP-JQ0LRFT" name="cucumberStepsDefination.TestClass" tests="1" failures="0" timestamp="2020-01-07T10:11:53 EST" time="11.143" errors="0">
  <testcase name="test" time="11.143" classname="cucumberStepsDefination.TestClass"/>
  <system-out/>
</testsuite> <!-- cucumberStepsDefination.TestClass -->
