<?xml version="1.0" encoding="UTF-8"?>
<!-- Generated by org.testng.reporters.JUnitReportReporter -->
<testsuite skipped="0" hostname="DESKTOP-JQ0LRFT" name="google.util.ConnectWithDatabase" tests="1" failures="0" timestamp="2020-01-02T21:33:30 EST" time="0.869" errors="0">
  <testcase name="i_check_data_with_database" time="0.869" classname="google.util.ConnectWithDatabase"/>
  <system-out/>
</testsuite> <!-- google.util.ConnectWithDatabase -->
