<?xml version="1.0" encoding="UTF-8"?>
<!-- Generated by org.testng.reporters.JUnitReportReporter -->
<testsuite skipped="0" hostname="DESKTOP-JQ0LRFT" name="google.util.ReadExcelFile" tests="1" failures="0" timestamp="2020-01-05T00:17:33 EST" time="0.688" errors="0">
  <testcase name="getData" time="0.688" classname="google.util.ReadExcelFile"/>
  <system-out/>
</testsuite> <!-- google.util.ReadExcelFile -->
